2023-01-04 15:20:17.817  INFO 2392 --- [SpringApplicationShutdownHook] j.LocalContainerEntityManagerFactoryBean : Closing JPA EntityManagerFactory for persistence unit 'default'
2023-01-04 15:20:17.818  INFO 2392 --- [SpringApplicationShutdownHook] .SchemaDropperImpl$DelayedDropActionImpl : HHH000477: Starting delayed evictData of schema as part of SessionFactory shut-down'
2023-01-04 15:20:17.822  INFO 2392 --- [SpringApplicationShutdownHook] com.zaxxer.hikari.HikariDataSource       : HikariPool-1 - Shutdown initiated...
2023-01-04 15:20:17.825  INFO 2392 --- [SpringApplicationShutdownHook] com.zaxxer.hikari.HikariDataSource       : HikariPool-1 - Shutdown completed.
2023-01-04 15:20:24.804  INFO 4000 --- [main] c.kgisl.springaop.SpringaopApplication   : Starting SpringaopApplication using Java 1.8.0_131 on KGISL071 with PID 4000 (C:\Users\malathi.n\Downloads\springaop\target\classes started by malathi.n in C:\Users\malathi.n\Downloads\springaop)
2023-01-04 15:20:24.806 DEBUG 4000 --- [main] c.kgisl.springaop.SpringaopApplication   : Running with Spring Boot v2.7.7, Spring v5.3.24
2023-01-04 15:20:24.808  INFO 4000 --- [main] c.kgisl.springaop.SpringaopApplication   : No active profile set, falling back to 1 default profile: "default"
2023-01-04 15:20:25.256  INFO 4000 --- [main] .s.d.r.c.RepositoryConfigurationDelegate : Bootstrapping Spring Data JPA repositories in DEFAULT mode.
2023-01-04 15:20:25.301  INFO 4000 --- [main] .s.d.r.c.RepositoryConfigurationDelegate : Finished Spring Data repository scanning in 36 ms. Found 1 JPA repository interfaces.
2023-01-04 15:20:25.923  INFO 4000 --- [main] o.s.b.w.embedded.tomcat.TomcatWebServer  : Tomcat initialized with port(s): 8080 (http)
2023-01-04 15:20:25.932  INFO 4000 --- [main] o.apache.catalina.core.StandardService   : Starting service [Tomcat]
2023-01-04 15:20:25.933  INFO 4000 --- [main] org.apache.catalina.core.StandardEngine  : Starting Servlet engine: [Apache Tomcat/9.0.70]
2023-01-04 15:20:26.110  INFO 4000 --- [main] o.a.c.c.C.[Tomcat].[localhost].[/]       : Initializing Spring embedded WebApplicationContext
2023-01-04 15:20:26.111  INFO 4000 --- [main] w.s.c.ServletWebServerApplicationContext : Root WebApplicationContext: initialization completed in 1267 ms
2023-01-04 15:20:26.256  INFO 4000 --- [main] com.zaxxer.hikari.HikariDataSource       : HikariPool-1 - Starting...
2023-01-04 15:20:26.340  INFO 4000 --- [main] com.zaxxer.hikari.HikariDataSource       : HikariPool-1 - Start completed.
2023-01-04 15:20:26.377  INFO 4000 --- [main] o.hibernate.jpa.internal.util.LogHelper  : HHH000204: Processing PersistenceUnitInfo [name: default]
2023-01-04 15:20:26.412  INFO 4000 --- [main] org.hibernate.Version                    : HHH000412: Hibernate ORM core version 5.6.14.Final
2023-01-04 15:20:26.568  INFO 4000 --- [main] o.hibernate.annotations.common.Version   : HCANN000001: Hibernate Commons Annotations {5.1.2.Final}
2023-01-04 15:20:26.654  INFO 4000 --- [main] org.hibernate.dialect.Dialect            : HHH000400: Using dialect: org.hibernate.dialect.H2Dialect
2023-01-04 15:20:27.025  INFO 4000 --- [main] o.h.e.t.j.p.i.JtaPlatformInitiator       : HHH000490: Using JtaPlatform implementation: [org.hibernate.engine.transaction.jta.platform.internal.NoJtaPlatform]
2023-01-04 15:20:27.032  INFO 4000 --- [main] j.LocalContainerEntityManagerFactoryBean : Initialized JPA EntityManagerFactory for persistence unit 'default'
2023-01-04 15:20:27.399  WARN 4000 --- [main] JpaBaseConfiguration$JpaWebConfiguration : spring.jpa.open-in-view is enabled by default. Therefore, database queries may be performed during view rendering. Explicitly configure spring.jpa.open-in-view to disable this warning
2023-01-04 15:20:27.575 DEBUG 4000 --- [main] s.w.s.m.m.a.RequestMappingHandlerAdapter : ControllerAdvice beans: 0 @ModelAttribute, 0 @InitBinder, 1 RequestBodyAdvice, 1 ResponseBodyAdvice
2023-01-04 15:20:27.650 DEBUG 4000 --- [main] s.w.s.m.m.a.RequestMappingHandlerMapping : 7 mappings in 'requestMappingHandlerMapping'
2023-01-04 15:20:27.692 DEBUG 4000 --- [main] o.s.w.s.handler.SimpleUrlHandlerMapping  : Patterns [/webjars/**, /**] in 'resourceHandlerMapping'
2023-01-04 15:20:27.705 DEBUG 4000 --- [main] .m.m.a.ExceptionHandlerExceptionResolver : ControllerAdvice beans: 0 @ExceptionHandler, 1 ResponseBodyAdvice
2023-01-04 15:20:27.844  INFO 4000 --- [main] o.s.b.w.embedded.tomcat.TomcatWebServer  : Tomcat started on port(s): 8080 (http) with context path ''
2023-01-04 15:20:27.851  INFO 4000 --- [main] c.kgisl.springaop.SpringaopApplication   : Started SpringaopApplication in 3.369 seconds (JVM running for 3.718)
2023-01-04 15:20:37.191  INFO 4000 --- [http-nio-8080-exec-1] o.a.c.c.C.[Tomcat].[localhost].[/]       : Initializing Spring DispatcherServlet 'dispatcherServlet'
2023-01-04 15:20:37.192  INFO 4000 --- [http-nio-8080-exec-1] o.s.web.servlet.DispatcherServlet        : Initializing Servlet 'dispatcherServlet'
2023-01-04 15:20:37.193 DEBUG 4000 --- [http-nio-8080-exec-1] o.s.web.servlet.DispatcherServlet        : Detected StandardServletMultipartResolver
2023-01-04 15:20:37.194 DEBUG 4000 --- [http-nio-8080-exec-1] o.s.web.servlet.DispatcherServlet        : Detected AcceptHeaderLocaleResolver
2023-01-04 15:20:37.198 DEBUG 4000 --- [http-nio-8080-exec-1] o.s.web.servlet.DispatcherServlet        : Detected FixedThemeResolver
2023-01-04 15:20:37.222 DEBUG 4000 --- [http-nio-8080-exec-1] o.s.web.servlet.DispatcherServlet        : Detected org.springframework.web.servlet.view.DefaultRequestToViewNameTranslator@6598caab
2023-01-04 15:20:37.223 DEBUG 4000 --- [http-nio-8080-exec-1] o.s.web.servlet.DispatcherServlet        : Detected org.springframework.web.servlet.support.SessionFlashMapManager@762bf32d
2023-01-04 15:20:37.224 DEBUG 4000 --- [http-nio-8080-exec-1] o.s.web.servlet.DispatcherServlet        : enableLoggingRequestDetails='false': request parameters and headers will be masked to prevent unsafe logging of potentially sensitive data
2023-01-04 15:20:37.225  INFO 4000 --- [http-nio-8080-exec-1] o.s.web.servlet.DispatcherServlet        : Completed initialization in 32 ms
2023-01-04 15:20:37.241 DEBUG 4000 --- [http-nio-8080-exec-1] o.s.web.servlet.DispatcherServlet        : GET "/api/", parameters={}
2023-01-04 15:20:37.246 DEBUG 4000 --- [http-nio-8080-exec-1] s.w.s.m.m.a.RequestMappingHandlerMapping : Mapped to com.kgisl.springaop.controller.TeamController#all()
2023-01-04 15:20:37.262  INFO 4000 --- [http-nio-8080-exec-1] com.kgisl.springaop.config.AspectLog     : -----------------------@Before advice called--------------------------------------
2023-01-04 15:20:37.264 DEBUG 4000 --- [http-nio-8080-exec-1] com.kgisl.springaop.config.AspectLog     : Class Name :  com.kgisl.springaop.service.TeamServiceImp
2023-01-04 15:20:37.264  INFO 4000 --- [http-nio-8080-exec-1] com.kgisl.springaop.config.AspectLog     : Entering in Method :  getTeams
2023-01-04 15:20:37.265  WARN 4000 --- [http-nio-8080-exec-1] com.kgisl.springaop.config.AspectLog     : Argumentsttt :  []
2023-01-04 15:20:37.385  INFO 4000 --- [http-nio-8080-exec-1] com.kgisl.springaop.config.AspectLog     : ------------------- @AfterReturning advice called ---------------------------------
2023-01-04 15:20:37.387  INFO 4000 --- [http-nio-8080-exec-1] com.kgisl.springaop.config.AspectLog     :  >Returning for class : {} ; Method : {} com.kgisl.springaop.service.TeamServiceImpgetTeams
2023-01-04 15:20:37.387  INFO 4000 --- [http-nio-8080-exec-1] com.kgisl.springaop.config.AspectLog     : > with value : {}[]
2023-01-04 15:20:37.402 DEBUG 4000 --- [http-nio-8080-exec-1] o.s.w.s.m.m.a.HttpEntityMethodProcessor  : Using 'application/json;q=0.8', given [text/html, application/xhtml+xml, image/avif, image/webp, image/apng, application/xml;q=0.9, application/signed-exchange;v=b3;q=0.9, */*;q=0.8] and supported [application/json, application/*+json, application/json, application/*+json]
2023-01-04 15:20:37.404 DEBUG 4000 --- [http-nio-8080-exec-1] o.s.w.s.m.m.a.HttpEntityMethodProcessor  : Writing [[]]
2023-01-04 15:20:37.423 DEBUG 4000 --- [http-nio-8080-exec-1] o.s.web.servlet.DispatcherServlet        : Completed 200 OK
2023-01-04 15:30:30.996  INFO 4000 --- [SpringApplicationShutdownHook] j.LocalContainerEntityManagerFactoryBean : Closing JPA EntityManagerFactory for persistence unit 'default'
2023-01-04 15:30:30.997  INFO 4000 --- [SpringApplicationShutdownHook] .SchemaDropperImpl$DelayedDropActionImpl : HHH000477: Starting delayed evictData of schema as part of SessionFactory shut-down'
2023-01-04 15:30:31.001  INFO 4000 --- [SpringApplicationShutdownHook] com.zaxxer.hikari.HikariDataSource       : HikariPool-1 - Shutdown initiated...
2023-01-04 15:30:31.002  INFO 4000 --- [SpringApplicationShutdownHook] com.zaxxer.hikari.HikariDataSource       : HikariPool-1 - Shutdown completed.
